0 info it worked if it ends with ok
1 verbose cli [ '/usr/bin/node',
1 verbose cli   '/usr/bin/npm',
1 verbose cli   'install',
1 verbose cli   'child_process.execFile' ]
2 info using npm@2.1.10
3 info using node@v0.10.33
4 silly cache add args [ 'child_process.execFile', null ]
5 verbose cache add spec child_process.execFile
6 silly cache add parsed spec { raw: 'child_process.execFile',
6 silly cache add   scope: null,
6 silly cache add   name: 'child_process.execFile',
6 silly cache add   rawSpec: '',
6 silly cache add   spec: '*',
6 silly cache add   type: 'range' }
7 verbose addNamed child_process.execFile@*
8 silly addNamed semver.valid null
9 silly addNamed semver.validRange *
10 silly addNameRange { name: 'child_process.execFile', range: '*', hasData: false }
11 silly mapToRegistry name child_process.execFile
12 silly mapToRegistry using default registry
13 silly mapToRegistry registry https://registry.npmjs.org/
14 silly mapToRegistry uri https://registry.npmjs.org/child_process.execFile
15 verbose addNameRange registry:https://registry.npmjs.org/child_process.execFile not in flight; fetching
16 verbose request uri https://registry.npmjs.org/child_process.execFile
17 verbose request no auth needed
18 info attempt registry request try #1 at 18:13:01
19 verbose request id 912a651b67c44237
20 http request GET https://registry.npmjs.org/child_process.execFile
21 http 404 https://registry.npmjs.org/child_process.execFile
22 verbose headers { date: 'Sat, 14 Feb 2015 18:43:01 GMT',
22 verbose headers   server: 'CouchDB/1.5.0 (Erlang OTP/R16B03)',
22 verbose headers   'content-type': 'application/json',
22 verbose headers   'cache-control': 'max-age=0',
22 verbose headers   'content-length': '52',
22 verbose headers   'accept-ranges': 'bytes',
22 verbose headers   via: '1.1 varnish',
22 verbose headers   age: '0',
22 verbose headers   'x-served-by': 'cache-fra1245-FRA',
22 verbose headers   'x-cache': 'MISS',
22 verbose headers   'x-cache-hits': '0',
22 verbose headers   'x-timer': 'S1423939380.975274,VS0,VE421',
22 verbose headers   'keep-alive': 'timeout=10, max=50',
22 verbose headers   connection: 'Keep-Alive' }
23 silly get cb [ 404,
23 silly get   { date: 'Sat, 14 Feb 2015 18:43:01 GMT',
23 silly get     server: 'CouchDB/1.5.0 (Erlang OTP/R16B03)',
23 silly get     'content-type': 'application/json',
23 silly get     'cache-control': 'max-age=0',
23 silly get     'content-length': '52',
23 silly get     'accept-ranges': 'bytes',
23 silly get     via: '1.1 varnish',
23 silly get     age: '0',
23 silly get     'x-served-by': 'cache-fra1245-FRA',
23 silly get     'x-cache': 'MISS',
23 silly get     'x-cache-hits': '0',
23 silly get     'x-timer': 'S1423939380.975274,VS0,VE421',
23 silly get     'keep-alive': 'timeout=10, max=50',
23 silly get     connection: 'Keep-Alive' } ]
24 verbose stack Error: 404 Not Found: child_process.execFile
24 verbose stack     at CachingRegistryClient.<anonymous> (/usr/lib/node_modules/npm/node_modules/npm-registry-client/lib/request.js:232:14)
24 verbose stack     at Request._callback (/usr/lib/node_modules/npm/node_modules/npm-registry-client/lib/request.js:172:14)
24 verbose stack     at Request.self.callback (/usr/lib/node_modules/npm/node_modules/request/request.js:372:22)
24 verbose stack     at Request.emit (events.js:98:17)
24 verbose stack     at Request.<anonymous> (/usr/lib/node_modules/npm/node_modules/request/request.js:1317:14)
24 verbose stack     at Request.emit (events.js:117:20)
24 verbose stack     at IncomingMessage.<anonymous> (/usr/lib/node_modules/npm/node_modules/request/request.js:1265:12)
24 verbose stack     at IncomingMessage.emit (events.js:117:20)
24 verbose stack     at _stream_readable.js:943:16
24 verbose stack     at process._tickCallback (node.js:419:13)
25 verbose statusCode 404
26 verbose pkgid child_process.execFile
27 verbose cwd /Termostato
28 error Linux 3.12.33-1-ARCH
29 error argv "/usr/bin/node" "/usr/bin/npm" "install" "child_process.execFile"
30 error node v0.10.33
31 error npm  v2.1.10
32 error code E404
33 error 404 Not Found: child_process.execFile
33 error 404
33 error 404 'child_process.execFile' is not in the npm registry.
33 error 404 You should bug the author to publish it (or use the name yourself!)
33 error 404
33 error 404 Note that you can also install from a
33 error 404 tarball, folder, http url, or git url.
34 verbose exit [ 1, true ]
